<?xml version="1.0" encoding="UTF-8"?>
<!-- Generated by org.testng.reporters.JUnitReportReporter -->
<testsuite hostname="INBLRWHF1836NV2" failures="0" tests="1" name="RestAssuredTest" time="1.560" errors="0" timestamp="09 Jul 2019 07:28:52 GMT" skipped="0">
  <testcase classname="RestAssuredTest" name="GetWeatherDetails" time="1.560"/>
</testsuite> <!-- RestAssuredTest -->
