<?xml version="1.0" encoding="UTF-8"?>
<!-- Generated by org.testng.reporters.JUnitReportReporter -->
<testsuite skipped="0" hostname="INBLRWHF1836NV2" name="restAssuredTests.RestAssuredTest" tests="1" failures="0" timestamp="09 Jul 2019 12:49:51 GMT" time="1.882" errors="0">
  <testcase name="GetWeatherDetails" time="1.882" classname="restAssuredTests.RestAssuredTest"/>
</testsuite> <!-- restAssuredTests.RestAssuredTest -->
